<?xml version="1.0" encoding="UTF-8"?>
<testng-results ignored="0" total="1" passed="1" failed="0" skipped="0">
  <reporter-output>
  </reporter-output>
  <suite started-at="2026-05-21T01:29:49 IST" name="iNetBankingSDET" finished-at="2026-05-21T01:29:59 IST" duration-ms="10473">
    <groups>
    </groups>
    <test started-at="2026-05-21T01:29:49 IST" name="Banking App Test" finished-at="2026-05-21T01:29:59 IST" duration-ms="10473">
      <class name="com.iNetBankingSDET.testCases.TC_Add_NewCustomer">
        <test-method is-config="true" signature="setup(java.lang.String)[pri:0, instance:com.iNetBankingSDET.testCases.TC_Add_NewCustomer@5a2f016d]" started-at="2026-05-21T01:29:49 IST" name="setup" finished-at="2026-05-21T01:29:52 IST" duration-ms="2597" status="PASS">
          <params>
            <param index="0">
              <value>
                <![CDATA[Edge]]>
              </value>
            </param>
          </params>
          <reporter-output>
          </reporter-output>
        </test-method> <!-- setup -->
        <test-method signature="AddNewCustomer()[pri:0, instance:com.iNetBankingSDET.testCases.TC_Add_NewCustomer@5a2f016d]" started-at="2026-05-21T01:29:52 IST" name="AddNewCustomer" finished-at="2026-05-21T01:29:59 IST" duration-ms="7839" status="PASS">
          <reporter-output>
          </reporter-output>
        </test-method> <!-- AddNewCustomer -->
      </class> <!-- com.iNetBankingSDET.testCases.TC_Add_NewCustomer -->
    </test> <!-- Banking App Test -->
  </suite> <!-- iNetBankingSDET -->
</testng-results>
