<?xml version="1.0" encoding="UTF-8"?>
<testng-results ignored="0" total="1" passed="1" failed="0" skipped="0">
  <reporter-output>
  </reporter-output>
  <suite started-at="2026-05-23T14:40:31 IST" name="iNetBankingSDET" finished-at="2026-05-23T14:40:45 IST" duration-ms="14338">
    <groups>
    </groups>
    <test started-at="2026-05-23T14:40:31 IST" name="Banking App Test" finished-at="2026-05-23T14:40:45 IST" duration-ms="14338">
      <class name="com.iNetBankingSDET.testCases.TC_Add_NewCustomer">
        <test-method is-config="true" signature="setup(java.lang.String)[pri:0, instance:com.iNetBankingSDET.testCases.TC_Add_NewCustomer@3bde62ff]" started-at="2026-05-23T14:40:31 IST" name="setup" finished-at="2026-05-23T14:40:34 IST" duration-ms="2822" status="PASS">
          <params>
            <param index="0">
              <value>
                <![CDATA[Edge]]>
              </value>
            </param>
          </params>
          <reporter-output>
          </reporter-output>
        </test-method> <!-- setup -->
        <test-method signature="AddNewCustomer()[pri:0, instance:com.iNetBankingSDET.testCases.TC_Add_NewCustomer@3bde62ff]" started-at="2026-05-23T14:40:34 IST" name="AddNewCustomer" finished-at="2026-05-23T14:40:45 IST" duration-ms="11166" status="PASS">
          <reporter-output>
          </reporter-output>
        </test-method> <!-- AddNewCustomer -->
        <test-method is-config="true" signature="tearDown()[pri:0, instance:com.iNetBankingSDET.testCases.TC_Add_NewCustomer@3bde62ff]" started-at="2026-05-23T14:40:45 IST" name="tearDown" finished-at="2026-05-23T14:40:45 IST" duration-ms="297" status="PASS">
          <reporter-output>
          </reporter-output>
        </test-method> <!-- tearDown -->
      </class> <!-- com.iNetBankingSDET.testCases.TC_Add_NewCustomer -->
    </test> <!-- Banking App Test -->
  </suite> <!-- iNetBankingSDET -->
</testng-results>
